<?xml version="1.0" encoding="UTF-8"?>
<testsuite xmlns:xsi="http://www.w3.org/2001/XMLSchema-instance" xsi:noNamespaceSchemaLocation="https://maven.apache.org/surefire/maven-surefire-plugin/xsd/surefire-test-report.xsd" name="br.umc.resource.ClienteResourceTest" time="0.819" tests="1" errors="1" skipped="0" failures="0">
  <properties>
[...]
</properties>
  <testcase name="deveListarClientes" classname="br.umc.resource.ClienteResourceTest" time="0.656">
    <error message="io/restassured/path/json/mapper/factory/JohnzonObjectMapperFactory" type="java.lang.NoClassDefFoundError">java.lang.NoClassDefFoundError: io/restassured/path/json/mapper/factory/JohnzonObjectMapperFactory
	at br.umc.resource.ClienteResourceTest.deveListarClientes(ClienteResourceTest.java:25)
Caused by: java.lang.ClassNotFoundException: io.restassured.path.json.mapper.factory.JohnzonObjectMapperFactory
	at br.umc.resource.ClienteResourceTest.deveListarClientes(ClienteResourceTest.java:25)
</error>
  </testcase>
</testsuite>